<?xml version="1.0" encoding="UTF-8"?>
<!-- Generated by org.testng.reporters.JUnitReportReporter -->
<testsuite hostname="DESKTOP-FA0P5TG" failures="0" tests="1" name="testsuite.Node_Activity__Signup_" time="3.070" errors="0" timestamp="2023-06-08T19:52:25 IST" skipped="0">
  <testcase classname="testsuite.Node_Activity__Signup_" name="test" time="3.070"/>
  <system-out>
    <![CDATA[Step - 1- Perform Launch URL Action
Step - 2- verify Login Screen screen
Step - 3- click Sign up for a new account hyperlink Login Screen screen
Step - 4- verify SignUp screen screen
Step - 5- click Signup button SignUp screen screen Signup form form
Step - 6- verify Signup error screen screen]]>
  </system-out>
</testsuite> <!-- testsuite.Node_Activity__Signup_ -->
