<?xml version="1.0" encoding="UTF-8"?>
<!-- Generated by org.testng.reporters.JUnitReportReporter -->
<testsuite hostname="DESKTOP-FA0P5TG" failures="0" tests="1" name="testsuite.Spreadsheet_Row_3_Col_B" time="3.935" errors="0" timestamp="2023-06-08T18:04:12 IST" skipped="0">
  <testcase classname="testsuite.Spreadsheet_Row_3_Col_B" name="test" time="3.935"/>
  <system-out>
    <![CDATA[Step - 1- Perform Launch URL Action
Step - 2- verify Login Screen screen
Step - 3- Fill User Name form Login Screen screen
Step - 4- click Login button Login Screen screen User Name form
Step - 5- verify Loginpass Screen screen
Step - 6- Fill Password form Loginpass Screen screen
Step - 7- click Login button Loginpass Screen screen Password form]]>
  </system-out>
</testsuite> <!-- testsuite.Spreadsheet_Row_3_Col_B -->
