<?xml version="1.0" encoding="UTF-8"?>
<!-- Generated by org.testng.reporters.JUnitReportReporter -->
<testsuite hostname="KSRL202" failures="0" tests="1" name="testsuite.Enter_Login_DetailsSend_a_reminderReminder_submit" time="0.165" errors="1" timestamp="2023-06-06T12:27:45 IST" skipped="0">
  <testcase classname="testsuite.Enter_Login_DetailsSend_a_reminderReminder_submit" name="test" time="0.165">
    <error message="
[public void testsuite.Enter_Login_DetailsSend_a_reminderReminder_submit.test(java.lang.String,java.lang.String,java.lang.String,java.lang.String,java.lang.String,java.lang.String,java.lang.String,java.lang.String,java.lang.String,java.lang.String,java.lang.String,java.lang.String,java.lang.String,java.lang.String,java.lang.String,java.lang.String,java.lang.String,java.lang.String,java.lang.String,java.lang.String,java.lang.String,java.lang.String,java.lang.String,java.lang.String,java.lang.String,java.lang.String,java.lang.String,java.lang.String,java.lang.String,java.lang.String,java.lang.String,java.lang.String,java.lang.String,java.lang.String,java.lang.String,java.lang.String,java.lang.String,java.lang.String,java.lang.String,java.lang.String,java.lang.String,java.lang.String,java.lang.String,java.lang.String,java.lang.String,java.lang.String,java.lang.String,java.lang.String,java.lang.String,java.lang.String,java.lang.String,java.lang.String,java.lang.String,java.lang.String,java.lang.String,java.lang.String,java.lang.String,java.lang.String,java.lang.String,java.lang.String,java.lang.String,java.lang.String,java.lang.String,java.lang.String,java.lang.String,java.lang.String,java.lang.String,java.lang.String,java.lang.String,java.lang.String,java.lang.String,java.lang.String,java.lang.String,java.lang.String,java.lang.String,java.lang.String,java.lang.String,java.lang.String,java.lang.String,java.lang.String,java.lang.String,java.lang.String,java.lang.String,java.lang.String,java.lang.String,java.lang.String,java.lang.String,java.lang.String,java.lang.String,java.lang.String,java.lang.String,java.lang.String,java.lang.String,java.lang.String,java.lang.String,java.lang.String,java.lang.String,java.lang.String,java.lang.String,java.lang.String,java.lang.String,java.lang.String,java.lang.String,java.lang.String,java.lang.String,java.lang.String,java.lang.String,java.lang.String,java.lang.String,java.lang.String,java.lang.String,java.lang.String,java.lang.String,java.lang.String,java.lang.String,java.lang.String,java.lang.String,java.lang.String,java.lang.String,java.lang.String,java.lang.String,java.lang.String,java.lang.String,java.lang.String,java.lang.String,java.lang.String,java.lang.String,java.lang.String,java.lang.String,java.lang.String,java.lang.String,java.lang.String,java.lang.String,java.lang.String,java.lang.String,java.lang.String,java.lang.String,java.lang.String,java.lang.String,java.lang.String,java.lang.String,java.lang.String,java.lang.String,java.lang.String,java.lang.String,java.lang.String,java.lang.String,java.lang.String,java.lang.String,java.lang.String,java.lang.String,java.lang.String,java.lang.String,java.lang.String,java.lang.String,java.lang.String,java.lang.String,java.lang.String,java.lang.String,java.lang.String,java.lang.String,java.lang.String,java.lang.String,java.lang.String,java.lang.String,java.lang.String,java.lang.String,java.lang.String,java.lang.String,java.lang.String,java.lang.String,java.lang.String,java.lang.String,java.lang.String,java.lang.String,java.lang.String,java.lang.String,java.lang.String,java.lang.String,java.lang.String,java.lang.String,java.lang.String,java.lang.String,java.lang.String,java.lang.String,java.lang.String,java.lang.String,java.lang.String,java.lang.String,java.lang.String,java.lang.String,java.lang.String,java.lang.String,java.lang.String,java.lang.String,java.lang.String,java.lang.String,java.lang.String,java.lang.String,java.lang.String,java.lang.String,java.lang.String,java.lang.String,java.lang.String,java.lang.String,java.lang.String,java.lang.String,java.lang.String,java.lang.String,java.lang.String,java.lang.String,java.lang.String,java.lang.String,java.lang.String,java.lang.String,java.lang.String,java.lang.String,java.lang.String,java.lang.String,java.lang.String,java.lang.String,java.lang.String,java.lang.String,java.lang.String,java.lang.String,java.lang.String,java.lang.String,java.lang.String,java.lang.String,java.lang.String,java.lang.String) throws java.lang.Exception] has no parameters defined but was found to be using a data provider (either explicitly specified or inherited from class level annotation).
Data provider mismatch
Method: test([Parameter{index=0, type=java.lang.String, declaredAnnotations=[]}, Parameter{index=1, type=java.lang.String, declaredAnnotations=[]}, Parameter{index=2, type=java.lang.String, declaredAnnotations=[]}, Parameter{index=3, type=java.lang.String, declaredAnnotations=[]}, Parameter{index=4, type=java.lang.String, declaredAnnotations=[]}, Parameter{index=5, type=java.lang.String, declaredAnnotations=[]}, Parameter{index=6, type=java.lang.String, declaredAnnotations=[]}, Parameter{index=7, type=java.lang.String, declaredAnnotations=[]}, Parameter{index=8, type=java.lang.String, declaredAnnotations=[]}, Parameter{index=9, type=java.lang.String, declaredAnnotations=[]}, Parameter{index=10, type=java.lang.String, declaredAnnotations=[]}, Parameter{index=11, type=java.lang.String, declaredAnnotations=[]}, Parameter{index=12, type=java.lang.String, declaredAnnotations=[]}, Parameter{index=13, type=java.lang.String, declaredAnnotations=[]}, Parameter{index=14, type=java.lang.String, declaredAnnotations=[]}, Parameter{index=15, type=java.lang.String, declaredAnnotations=[]}, Parameter{index=16, type=java.lang.String, declaredAnnotations=[]}, Parameter{index=17, type=java.lang.String, declaredAnnotations=[]}, Parameter{index=18, type=java.lang.String, declaredAnnotations=[]}, Parameter{index=19, type=java.lang.String, declaredAnnotations=[]}, Parameter{index=20, type=java.lang.String, declaredAnnotations=[]}, Parameter{index=21, type=java.lang.String, declaredAnnotations=[]}, Parameter{index=22, type=java.lang.String, declaredAnnotations=[]}, Parameter{index=23, type=java.lang.String, declaredAnnotations=[]}, Parameter{index=24, type=java.lang.String, declaredAnnotations=[]}, Parameter{index=25, type=java.lang.String, declaredAnnotations=[]}, Parameter{index=26, type=java.lang.String, declaredAnnotations=[]}, Parameter{index=27, type=java.lang.String, declaredAnnotations=[]}, Parameter{index=28, type=java.lang.String, declaredAnnotations=[]}, Parameter{index=29, type=java.lang.String, declaredAnnotations=[]}, Parameter{index=30, type=java.lang.String, declaredAnnotations=[]}, Parameter{index=31, type=java.lang.String, declaredAnnotations=[]}, Parameter{index=32, type=java.lang.String, declaredAnnotations=[]}, Parameter{index=33, type=java.lang.String, declaredAnnotations=[]}, Parameter{index=34, type=java.lang.String, declaredAnnotations=[]}, Parameter{index=35, type=java.lang.String, declaredAnnotations=[]}, Parameter{index=36, type=java.lang.String, declaredAnnotations=[]}, Parameter{index=37, type=java.lang.String, declaredAnnotations=[]}, Parameter{index=38, type=java.lang.String, declaredAnnotations=[]}, Parameter{index=39, type=java.lang.String, declaredAnnotations=[]}, Parameter{index=40, type=java.lang.String, declaredAnnotations=[]}, Parameter{index=41, type=java.lang.String, declaredAnnotations=[]}, Parameter{index=42, type=java.lang.String, declaredAnnotations=[]}, Parameter{index=43, type=java.lang.String, declaredAnnotations=[]}, Parameter{index=44, type=java.lang.String, declaredAnnotations=[]}, Parameter{index=45, type=java.lang.String, declaredAnnotations=[]}, Parameter{index=46, type=java.lang.String, declaredAnnotations=[]}, Parameter{index=47, type=java.lang.String, declaredAnnotations=[]}, Parameter{index=48, type=java.lang.String, declaredAnnotations=[]}, Parameter{index=49, type=java.lang.String, declaredAnnotations=[]}, Parameter{index=50, type=java.lang.String, declaredAnnotations=[]}, Parameter{index=51, type=java.lang.String, declaredAnnotations=[]}, Parameter{index=52, type=java.lang.String, declaredAnnotations=[]}, Parameter{index=53, type=java.lang.String, declaredAnnotations=[]}, Parameter{index=54, type=java.lang.String, declaredAnnotations=[]}, Parameter{index=55, type=java.lang.String, declaredAnnotations=[]}, Parameter{index=56, type=java.lang.String, declaredAnnotations=[]}, Parameter{index=57, type=java.lang.String, declaredAnnotations=[]}, Parameter{index=58, type=java.lang.String, declaredAnnotations=[]}, Parameter{index=59, type=java.lang.String, declaredAnnotations=[]}, Parameter{index=60, type=java.lang.String, declaredAnnotations=[]}, Parameter{index=61, type=java.lang.String, declaredAnnotations=[]}, Parameter{index=62, type=java.lang.String, declaredAnnotations=[]}, Parameter{index=63, type=java.lang.String, declaredAnnotations=[]}, Parameter{index=64, type=java.lang.String, declaredAnnotations=[]}, Parameter{index=65, type=java.lang.String, declaredAnnotations=[]}, Parameter{index=66, type=java.lang.String, declaredAnnotations=[]}, Parameter{index=67, type=java.lang.String, declaredAnnotations=[]}, Parameter{index=68, type=java.lang.String, declaredAnnotations=[]}, Parameter{index=69, type=java.lang.String, declaredAnnotations=[]}, Parameter{index=70, type=java.lang.String, declaredAnnotations=[]}, Parameter{index=71, type=java.lang.String, declaredAnnotations=[]}, Parameter{index=72, type=java.lang.String, declaredAnnotations=[]}, Parameter{index=73, type=java.lang.String, declaredAnnotations=[]}, Parameter{index=74, type=java.lang.String, declaredAnnotations=[]}, Parameter{index=75, type=java.lang.String, declaredAnnotations=[]}, Parameter{index=76, type=java.lang.String, declaredAnnotations=[]}, Parameter{index=77, type=java.lang.String, declaredAnnotations=[]}, Parameter{index=78, type=java.lang.String, declaredAnnotations=[]}, Parameter{index=79, type=java.lang.String, declaredAnnotations=[]}, Parameter{index=80, type=java.lang.String, declaredAnnotations=[]}, Parameter{index=81, type=java.lang.String, declaredAnnotations=[]}, Parameter{index=82, type=java.lang.String, declaredAnnotations=[]}, Parameter{index=83, type=java.lang.String, declaredAnnotations=[]}, Parameter{index=84, type=java.lang.String, declaredAnnotations=[]}, Parameter{index=85, type=java.lang.String, declaredAnnotations=[]}, Parameter{index=86, type=java.lang.String, declaredAnnotations=[]}, Parameter{index=87, type=java.lang.String, declaredAnnotations=[]}, Parameter{index=88, type=java.lang.String, declaredAnnotations=[]}, Parameter{index=89, type=java.lang.String, declaredAnnotations=[]}, Parameter{index=90, type=java.lang.String, declaredAnnotations=[]}, Parameter{index=91, type=java.lang.String, declaredAnnotations=[]}, Parameter{index=92, type=java.lang.String, declaredAnnotations=[]}, Parameter{index=93, type=java.lang.String, declaredAnnotations=[]}, Parameter{index=94, type=java.lang.String, declaredAnnotations=[]}, Parameter{index=95, type=java.lang.String, declaredAnnotations=[]}, Parameter{index=96, type=java.lang.String, declaredAnnotations=[]}, Parameter{index=97, type=java.lang.String, declaredAnnotations=[]}, Parameter{index=98, type=java.lang.String, declaredAnnotations=[]}, Parameter{index=99, type=java.lang.String, declaredAnnotations=[]}, Parameter{index=100, type=java.lang.String, declaredAnnotations=[]}, Parameter{index=101, type=java.lang.String, declaredAnnotations=[]}, Parameter{index=102, type=java.lang.String, declaredAnnotations=[]}, Parameter{index=103, type=java.lang.String, declaredAnnotations=[]}, Parameter{index=104, type=java.lang.String, declaredAnnotations=[]}, Parameter{index=105, type=java.lang.String, declaredAnnotations=[]}, Parameter{index=106, type=java.lang.String, declaredAnnotations=[]}, Parameter{index=107, type=java.lang.String, declaredAnnotations=[]}, Parameter{index=108, type=java.lang.String, declaredAnnotations=[]}, Parameter{index=109, type=java.lang.String, declaredAnnotations=[]}, Parameter{index=110, type=java.lang.String, declaredAnnotations=[]}, Parameter{index=111, type=java.lang.String, declaredAnnotations=[]}, Parameter{index=112, type=java.lang.String, declaredAnnotations=[]}, Parameter{index=113, type=java.lang.String, declaredAnnotations=[]}, Parameter{index=114, type=java.lang.String, declaredAnnotations=[]}, Parameter{index=115, type=java.lang.String, declaredAnnotations=[]}, Parameter{index=116, type=java.lang.String, declaredAnnotations=[]}, Parameter{index=117, type=java.lang.String, declaredAnnotations=[]}, Parameter{index=118, type=java.lang.String, declaredAnnotations=[]}, Parameter{index=119, type=java.lang.String, declaredAnnotations=[]}, Parameter{index=120, type=java.lang.String, declaredAnnotations=[]}, Parameter{index=121, type=java.lang.String, declaredAnnotations=[]}, Parameter{index=122, type=java.lang.String, declaredAnnotations=[]}, Parameter{index=123, type=java.lang.String, declaredAnnotations=[]}, Parameter{index=124, type=java.lang.String, declaredAnnotations=[]}, Parameter{index=125, type=java.lang.String, declaredAnnotations=[]}, Parameter{index=126, type=java.lang.String, declaredAnnotations=[]}, Parameter{index=127, type=java.lang.String, declaredAnnotations=[]}, Parameter{index=128, type=java.lang.String, declaredAnnotations=[]}, Parameter{index=129, type=java.lang.String, declaredAnnotations=[]}, Parameter{index=130, type=java.lang.String, declaredAnnotations=[]}, Parameter{index=131, type=java.lang.String, declaredAnnotations=[]}, Parameter{index=132, type=java.lang.String, declaredAnnotations=[]}, Parameter{index=133, type=java.lang.String, declaredAnnotations=[]}, Parameter{index=134, type=java.lang.String, declaredAnnotations=[]}, Parameter{index=135, type=java.lang.String, declaredAnnotations=[]}, Parameter{index=136, type=java.lang.String, declaredAnnotations=[]}, Parameter{index=137, type=java.lang.String, declaredAnnotations=[]}, Parameter{index=138, type=java.lang.String, declaredAnnotations=[]}, Parameter{index=139, type=java.lang.String, declaredAnnotations=[]}, Parameter{index=140, type=java.lang.String, declaredAnnotations=[]}, Parameter{index=141, type=java.lang.String, declaredAnnotations=[]}, Parameter{index=142, type=java.lang.String, declaredAnnotations=[]}, Parameter{index=143, type=java.lang.String, declaredAnnotations=[]}, Parameter{index=144, type=java.lang.String, declaredAnnotations=[]}, Parameter{index=145, type=java.lang.String, declaredAnnotations=[]}, Parameter{index=146, type=java.lang.String, declaredAnnotations=[]}, Parameter{index=147, type=java.lang.String, declaredAnnotations=[]}, Parameter{index=148, type=java.lang.String, declaredAnnotations=[]}, Parameter{index=149, type=java.lang.String, declaredAnnotations=[]}, Parameter{index=150, type=java.lang.String, declaredAnnotations=[]}, Parameter{index=151, type=java.lang.String, declaredAnnotations=[]}, Parameter{index=152, type=java.lang.String, declaredAnnotations=[]}, Parameter{index=153, type=java.lang.String, declaredAnnotations=[]}, Parameter{index=154, type=java.lang.String, declaredAnnotations=[]}, Parameter{index=155, type=java.lang.String, declaredAnnotations=[]}, Parameter{index=156, type=java.lang.String, declaredAnnotations=[]}, Parameter{index=157, type=java.lang.String, declaredAnnotations=[]}, Parameter{index=158, type=java.lang.String, declaredAnnotations=[]}, Parameter{index=159, type=java.lang.String, declaredAnnotations=[]}, Parameter{index=160, type=java.lang.String, declaredAnnotations=[]}, Parameter{index=161, type=java.lang.String, declaredAnnotations=[]}, Parameter{index=162, type=java.lang.String, declaredAnnotations=[]}, Parameter{index=163, type=java.lang.String, declaredAnnotations=[]}, Parameter{index=164, type=java.lang.String, declaredAnnotations=[]}, Parameter{index=165, type=java.lang.String, declaredAnnotations=[]}, Parameter{index=166, type=java.lang.String, declaredAnnotations=[]}, Parameter{index=167, type=java.lang.String, declaredAnnotations=[]}, Parameter{index=168, type=java.lang.String, declaredAnnotations=[]}, Parameter{index=169, type=java.lang.String, declaredAnnotations=[]}, Parameter{index=170, type=java.lang.String, declaredAnnotations=[]}, Parameter{index=171, type=java.lang.String, declaredAnnotations=[]}, Parameter{index=172, type=java.lang.String, declaredAnnotations=[]}, Parameter{index=173, type=java.lang.String, declaredAnnotations=[]}, Parameter{index=174, type=java.lang.String, declaredAnnotations=[]}, Parameter{index=175, type=java.lang.String, declaredAnnotations=[]}, Parameter{index=176, type=java.lang.String, declaredAnnotations=[]}, Parameter{index=177, type=java.lang.String, declaredAnnotations=[]}, Parameter{index=178, type=java.lang.String, declaredAnnotations=[]}, Parameter{index=179, type=java.lang.String, declaredAnnotations=[]}, Parameter{index=180, type=java.lang.String, declaredAnnotations=[]}, Parameter{index=181, type=java.lang.String, declaredAnnotations=[]}, Parameter{index=182, type=java.lang.String, declaredAnnotations=[]}, Parameter{index=183, type=java.lang.String, declaredAnnotations=[]}, Parameter{index=184, type=java.lang.String, declaredAnnotations=[]}, Parameter{index=185, type=java.lang.String, declaredAnnotations=[]}, Parameter{index=186, type=java.lang.String, declaredAnnotations=[]}, Parameter{index=187, type=java.lang.String, declaredAnnotations=[]}, Parameter{index=188, type=java.lang.String, declaredAnnotations=[]}, Parameter{index=189, type=java.lang.String, declaredAnnotations=[]}, Parameter{index=190, type=java.lang.String, declaredAnnotations=[]}, Parameter{index=191, type=java.lang.String, declaredAnnotations=[]}, Parameter{index=192, type=java.lang.String, declaredAnnotations=[]}, Parameter{index=193, type=java.lang.String, declaredAnnotations=[]}, Parameter{index=194, type=java.lang.String, declaredAnnotations=[]}, Parameter{index=195, type=java.lang.String, declaredAnnotations=[]}, Parameter{index=196, type=java.lang.String, declaredAnnotations=[]}, Parameter{index=197, type=java.lang.String, declaredAnnotations=[]}, Parameter{index=198, type=java.lang.String, declaredAnnotations=[]}, Parameter{index=199, type=java.lang.String, declaredAnnotations=[]}, Parameter{index=200, type=java.lang.String, declaredAnnotations=[]}, Parameter{index=201, type=java.lang.String, declaredAnnotations=[]}, Parameter{index=202, type=java.lang.String, declaredAnnotations=[]}, Parameter{index=203, type=java.lang.String, declaredAnnotations=[]}, Parameter{index=204, type=java.lang.String, declaredAnnotations=[]}, Parameter{index=205, type=java.lang.String, declaredAnnotations=[]}, Parameter{index=206, type=java.lang.String, declaredAnnotations=[]}, Parameter{index=207, type=java.lang.String, declaredAnnotations=[]}, Parameter{index=208, type=java.lang.String, declaredAnnotations=[]}, Parameter{index=209, type=java.lang.String, declaredAnnotations=[]}, Parameter{index=210, type=java.lang.String, declaredAnnotations=[]}, Parameter{index=211, type=java.lang.String, declaredAnnotations=[]}, Parameter{index=212, type=java.lang.String, declaredAnnotations=[]}, Parameter{index=213, type=java.lang.String, declaredAnnotations=[]}, Parameter{index=214, type=java.lang.String, declaredAnnotations=[]}, Parameter{index=215, type=java.lang.String, declaredAnnotations=[]}, Parameter{index=216, type=java.lang.String, declaredAnnotations=[]}, Parameter{index=217, type=java.lang.String, declaredAnnotations=[]}, Parameter{index=218, type=java.lang.String, declaredAnnotations=[]}, Parameter{index=219, type=java.lang.String, declaredAnnotations=[]}, Parameter{index=220, type=java.lang.String, declaredAnnotations=[]}, Parameter{index=221, type=java.lang.String, declaredAnnotations=[]}, Parameter{index=222, type=java.lang.String, declaredAnnotations=[]}, Parameter{index=223, type=java.lang.String, declaredAnnotations=[]}, Parameter{index=224, type=java.lang.String, declaredAnnotations=[]}, Parameter{index=225, type=java.lang.String, declaredAnnotations=[]}, Parameter{index=226, type=java.lang.String, declaredAnnotations=[]}, Parameter{index=227, type=java.lang.String, declaredAnnotations=[]}, Parameter{index=228, type=java.lang.String, declaredAnnotations=[]}, Parameter{index=229, type=java.lang.String, declaredAnnotations=[]}, Parameter{index=230, type=java.lang.String, declaredAnnotations=[]}])
Arguments: [(java.lang.String) http://localhost/mantis,(java.lang.String) Dont care,(java.lang.String) Dont care,(java.lang.String) Dont care,(java.lang.String) Dont care,(java.lang.String) Dont care,(java.lang.String) Dont care,(java.lang.String) administrator,(java.lang.String) Dont care,(java.lang.String) Dont care,(java.lang.String) Dont care,(java.lang.String) Dont care,(java.lang.String) Dont care,(java.lang.String) Dont care,(java.lang.String) Dont care,(java.lang.String) Dont care,(java.lang.String) Dont care,(java.lang.String) Dont care,(java.lang.String) admin,(java.lang.String) Dont care,(java.lang.String) Dont care,(java.lang.String) Dont care,(java.lang.String) Dont care,(java.lang.String) Dont care,(java.lang.String) Dont care,(java.lang.String) Dont care,(java.lang.String) Dont care,(java.lang.String) Dont care,(java.lang.String) Dont care,(java.lang.String) Dont care,(java.lang.String) Dont care,(java.lang.String) Dont care,(java.lang.String) Dont care,(java.lang.String) Dont care,(java.lang.String) Dont care,(java.lang.String) Dont care,(java.lang.String) Dont care,(java.lang.String) Dont care,(java.lang.String) Dont care,(java.lang.String) Dont care,(java.lang.String) Dont care,(java.lang.String) Dont care,(java.lang.String) Dont care,(java.lang.String) Dont care,(java.lang.String) Dont care,(java.lang.String) Dont care,(java.lang.String) Dont care,(java.lang.String) Dont care,(java.lang.String) Dont care,(java.lang.String) Dont care,(java.lang.String) Dont care,(java.lang.String) Dont care,(java.lang.String) Dont care,(java.lang.String) Dont care,(java.lang.String) Dont care,(java.lang.String) Dont care,(java.lang.String) Project 1,(java.lang.String) sometimes,(java.lang.String) trival,(java.lang.String) low,(java.lang.String) user1,(java.lang.String) Summary,(java.lang.String) Description,(java.lang.String) Platform,(java.lang.String) Os,(java.lang.String) OS version,(java.lang.String) Sreps to reproduce,(java.lang.String) ADDitional info,(java.lang.String) Tags,(java.lang.String) Dont care,(java.lang.String) Dont care,(java.lang.String) DemoMantis,(java.lang.String) Description,(java.lang.String) development,(java.lang.String) private,(java.lang.String) Dont care,(java.lang.String) Dont care,(java.lang.String) Dont care,(java.lang.String) Dont care,(java.lang.String) Dont care,(java.lang.String) Dont care,(java.lang.String) Dont care,(java.lang.String) Dont care,(java.lang.String) Dont care,(java.lang.String) Dont care,(java.lang.String) Dont care,(java.lang.String) Dont care,(java.lang.String) Dont care,(java.lang.String) Dont care,(java.lang.String) Dont care,(java.lang.String) Dont care,(java.lang.String) Dont care,(java.lang.String) Dont care,(java.lang.String) Dont care,(java.lang.String) Dont care,(java.lang.String) Dont care,(java.lang.String) Dont care,(java.lang.String) Dont care,(java.lang.String) Dont care,(java.lang.String) Dont care,(java.lang.String) Dont care,(java.lang.String) Dont care,(java.lang.String) Dont care,(java.lang.String) Dont care,(java.lang.String) Dont care,(java.lang.String) Dont care,(java.lang.String) Dont care,(java.lang.String) Dont care,(java.lang.String) Dont care,(java.lang.String) Dont care,(java.lang.String) Dont care,(java.lang.String) Dont care,(java.lang.String) Dont care,(java.lang.String) Dont care,(java.lang.String) Dont care,(java.lang.String) Dont care,(java.lang.String) Dont care,(java.lang.String) Dont care,(java.lang.String) Dont care,(java.lang.String) Dont care,(java.lang.String) Dont care,(java.lang.String) Dont care,(java.lang.String) Dont care,(java.lang.String) Dont care,(java.lang.String) Dont care,(java.lang.String) Dont care,(java.lang.String) Dont care,(java.lang.String) Dont care,(java.lang.String) Dont care,(java.lang.String) Dont care,(java.lang.String) Dont care,(java.lang.String) Dont care,(java.lang.String) Dont care,(java.lang.String) Dont care,(java.lang.String) Dont care,(java.lang.String) Dont care,(java.lang.String) Dont care,(java.lang.String) Dont care,(java.lang.String) Dont care,(java.lang.String) Dont care,(java.lang.String) Dont care,(java.lang.String) Dont care,(java.lang.String) Dont care,(java.lang.String) Dont care,(java.lang.String) Dont care,(java.lang.String) Dont care,(java.lang.String) Dont care,(java.lang.String) Dont care,(java.lang.String) Dont care,(java.lang.String) Dont care,(java.lang.String) Dont care,(java.lang.String) Dont care,(java.lang.String) Dont care,(java.lang.String) Dont care,(java.lang.String) Dont care,(java.lang.String) Dont care,(java.lang.String) Dont care,(java.lang.String) Dont care,(java.lang.String) Dont care,(java.lang.String) Dont care,(java.lang.String) Dont care,(java.lang.String) Dont care,(java.lang.String) Dont care,(java.lang.String) Dont care,(java.lang.String) Dont care,(java.lang.String) Dont care,(java.lang.String) Dont care,(java.lang.String) Dont care,(java.lang.String) Dont care,(java.lang.String) Dont care,(java.lang.String) Dont care,(java.lang.String) Dont care,(java.lang.String) Dont care,(java.lang.String) Dont care,(java.lang.String) Dont care,(java.lang.String) Dont care,(java.lang.String) Dont care,(java.lang.String) Dont care,(java.lang.String) Dont care,(java.lang.String) Dont care,(java.lang.String) Dont care,(java.lang.String) Dont care,(java.lang.String) Dont care,(java.lang.String) Dont care,(java.lang.String) Dont care,(java.lang.String) Dont care,(java.lang.String) Dont care,(java.lang.String) Dont care,(java.lang.String) Dont care,(java.lang.String) Dont care,(java.lang.String) Dont care,(java.lang.String) Dont care,(java.lang.String) Dont care,(java.lang.String) Dont care,(java.lang.String) Dont care,(java.lang.String) Dont care,(java.lang.String) Dont care,(java.lang.String) Dont care,(java.lang.String) Dont care,(java.lang.String) Dont care,(java.lang.String) Dont care,(java.lang.String) Dont care,(java.lang.String) Dont care,(java.lang.String) Dont care,(java.lang.String) Dont care,(java.lang.String) Dont care,(java.lang.String) Dont care,(java.lang.String) Dont care,(java.lang.String) Dont care,(java.lang.String) Dont care,(java.lang.String) Dont care,(java.lang.String) Dont care,(java.lang.String) Dont care,(java.lang.String) Dont care,(java.lang.String) Dont care,(java.lang.String) Dont care,(java.lang.String) Dont care,(java.lang.String) Dont care,(java.lang.String) Dont care,(java.lang.String) Dont care,(java.lang.String) Dont care,(java.lang.String) Dont care,(java.lang.String) Dont care,(java.lang.String) Dont care,(java.lang.String) Dont care,(java.lang.String) Dont care,(java.lang.String) Dont care,(java.lang.String) Dont care,(java.lang.String) Dont care,(java.lang.String) Dont care,(java.lang.String) Dont care,(java.lang.String) Dont care,(java.lang.String) Dont care,(java.lang.String) Dont care,(java.lang.String) Dont care,(java.lang.String) Dont care,(java.lang.String) Dont care,(java.lang.String) Dont care,(java.lang.String) Dont care,(java.lang.String) Dont care,(java.lang.String) Dont care,(java.lang.String) Dont care,(java.lang.String) Dont care,(java.lang.String) Dont care,(java.lang.String) Dont care,(java.lang.String) Dont care,(java.lang.String) Dont care,(java.lang.String) Dont care,(java.lang.String) Dont care,(java.lang.String) Dont care,(java.lang.String) Dont care,(java.lang.String) Dont care,(java.lang.String) Dont care,(java.lang.String) Dont care,(java.lang.String) Dont care,(java.lang.String) Dont care,(java.lang.String) Dont care,(java.lang.String) Dont care,(java.lang.String) Dont care,(java.lang.String) Dont care,(java.lang.String) Dont care,(java.lang.String) Dont care,(java.lang.String) Dont care,(java.lang.String) Dont care,(java.lang.String) Dont care,(java.lang.String) Dont care,(java.lang.String) Dont care,(java.lang.String) Dont care,(java.lang.String) Dont care,(java.lang.String) Dont care,(java.lang.String) Dont care,(java.lang.String) Dont care,(java.lang.String) Dont care,(java.lang.String) Dont care,(java.lang.String) Dont care,(java.lang.String) Dont care,(java.lang.String) Dont care,(java.lang.String) Dont care,(java.lang.String) Dont care,(java.lang.String) Dont care,(java.lang.String) Dont care,(java.lang.String) Dont care,(java.lang.String) Dont care,(java.lang.String) Dont care,(java.lang.String) Dont care,(java.lang.String) Dont care,(java.lang.String) Dont care,(java.lang.String) Dont care,(java.lang.String) Dont care,(java.lang.String) Dont care,(java.lang.String) Dont care,(java.lang.String) Dont care,(java.lang.String) Dont care,(java.lang.String) Dont care,(java.lang.String) Dont care,(java.lang.String) Dont care,(java.lang.String) Dont care,(java.lang.String) Dont care,(java.lang.String) Dont care,(java.lang.String) Dont care,(java.lang.String) Dont care,(java.lang.String) Dont care,(java.lang.String) Dont care,(java.lang.String) Dont care,(java.lang.String) Dont care,(java.lang.String) Dont care,(java.lang.String) Dont care,(java.lang.String) Dont care,(java.lang.String) Dont care,(java.lang.String) Dont care,(java.lang.String) Dont care,(java.lang.String) Dont care,(java.lang.String) Dont care,(java.lang.String) Dont care,(java.lang.String) Dont care,(java.lang.String) Dont care,(java.lang.String) Dont care,(java.lang.String) Dont care,(java.lang.String) Dont care,(java.lang.String) Dont care,(java.lang.String) Dont care,(java.lang.String) Dont care,(java.lang.String) Dont care,(java.lang.String) Dont care,(java.lang.String) Dont care,(java.lang.String) Dont care,(java.lang.String) Dont care,(java.lang.String) Dont care,(java.lang.String) Dont care,(java.lang.String) Dont care,(java.lang.String) Dont care,(java.lang.String) demo,(java.lang.String) Dont care,(java.lang.String) Dont care,(java.lang.String) Dont care]" type="org.testng.internal.reflect.MethodMatcherException">
      <![CDATA[org.testng.internal.reflect.MethodMatcherException: 
[public void testsuite.Enter_Login_DetailsSend_a_reminderReminder_submit.test(java.lang.String,java.lang.String,java.lang.String,java.lang.String,java.lang.String,java.lang.String,java.lang.String,java.lang.String,java.lang.String,java.lang.String,java.lang.String,java.lang.String,java.lang.String,java.lang.String,java.lang.String,java.lang.String,java.lang.String,java.lang.String,java.lang.String,java.lang.String,java.lang.String,java.lang.String,java.lang.String,java.lang.String,java.lang.String,java.lang.String,java.lang.String,java.lang.String,java.lang.String,java.lang.String,java.lang.String,java.lang.String,java.lang.String,java.lang.String,java.lang.String,java.lang.String,java.lang.String,java.lang.String,java.lang.String,java.lang.String,java.lang.String,java.lang.String,java.lang.String,java.lang.String,java.lang.String,java.lang.String,java.lang.String,java.lang.String,java.lang.String,java.lang.String,java.lang.String,java.lang.String,java.lang.String,java.lang.String,java.lang.String,java.lang.String,java.lang.String,java.lang.String,java.lang.String,java.lang.String,java.lang.String,java.lang.String,java.lang.String,java.lang.String,java.lang.String,java.lang.String,java.lang.String,java.lang.String,java.lang.String,java.lang.String,java.lang.String,java.lang.String,java.lang.String,java.lang.String,java.lang.String,java.lang.String,java.lang.String,java.lang.String,java.lang.String,java.lang.String,java.lang.String,java.lang.String,java.lang.String,java.lang.String,java.lang.String,java.lang.String,java.lang.String,java.lang.String,java.lang.String,java.lang.String,java.lang.String,java.lang.String,java.lang.String,java.lang.String,java.lang.String,java.lang.String,java.lang.String,java.lang.String,java.lang.String,java.lang.String,java.lang.String,java.lang.String,java.lang.String,java.lang.String,java.lang.String,java.lang.String,java.lang.String,java.lang.String,java.lang.String,java.lang.String,java.lang.String,java.lang.String,java.lang.String,java.lang.String,java.lang.String,java.lang.String,java.lang.String,java.lang.String,java.lang.String,java.lang.String,java.lang.String,java.lang.String,java.lang.String,java.lang.String,java.lang.String,java.lang.String,java.lang.String,java.lang.String,java.lang.String,java.lang.String,java.lang.String,java.lang.String,java.lang.String,java.lang.String,java.lang.String,java.lang.String,java.lang.String,java.lang.String,java.lang.String,java.lang.String,java.lang.String,java.lang.String,java.lang.String,java.lang.String,java.lang.String,java.lang.String,java.lang.String,java.lang.String,java.lang.String,java.lang.String,java.lang.String,java.lang.String,java.lang.String,java.lang.String,java.lang.String,java.lang.String,java.lang.String,java.lang.String,java.lang.String,java.lang.String,java.lang.String,java.lang.String,java.lang.String,java.lang.String,java.lang.String,java.lang.String,java.lang.String,java.lang.String,java.lang.String,java.lang.String,java.lang.String,java.lang.String,java.lang.String,java.lang.String,java.lang.String,java.lang.String,java.lang.String,java.lang.String,java.lang.String,java.lang.String,java.lang.String,java.lang.String,java.lang.String,java.lang.String,java.lang.String,java.lang.String,java.lang.String,java.lang.String,java.lang.String,java.lang.String,java.lang.String,java.lang.String,java.lang.String,java.lang.String,java.lang.String,java.lang.String,java.lang.String,java.lang.String,java.lang.String,java.lang.String,java.lang.String,java.lang.String,java.lang.String,java.lang.String,java.lang.String,java.lang.String,java.lang.String,java.lang.String,java.lang.String,java.lang.String,java.lang.String,java.lang.String,java.lang.String,java.lang.String,java.lang.String,java.lang.String,java.lang.String,java.lang.String,java.lang.String,java.lang.String,java.lang.String,java.lang.String,java.lang.String,java.lang.String,java.lang.String,java.lang.String,java.lang.String,java.lang.String,java.lang.String,java.lang.String,java.lang.String) throws java.lang.Exception] has no parameters defined but was found to be using a data provider (either explicitly specified or inherited from class level annotation).
Data provider mismatch
Method: test([Parameter{index=0, type=java.lang.String, declaredAnnotations=[]}, Parameter{index=1, type=java.lang.String, declaredAnnotations=[]}, Parameter{index=2, type=java.lang.String, declaredAnnotations=[]}, Parameter{index=3, type=java.lang.String, declaredAnnotations=[]}, Parameter{index=4, type=java.lang.String, declaredAnnotations=[]}, Parameter{index=5, type=java.lang.String, declaredAnnotations=[]}, Parameter{index=6, type=java.lang.String, declaredAnnotations=[]}, Parameter{index=7, type=java.lang.String, declaredAnnotations=[]}, Parameter{index=8, type=java.lang.String, declaredAnnotations=[]}, Parameter{index=9, type=java.lang.String, declaredAnnotations=[]}, Parameter{index=10, type=java.lang.String, declaredAnnotations=[]}, Parameter{index=11, type=java.lang.String, declaredAnnotations=[]}, Parameter{index=12, type=java.lang.String, declaredAnnotations=[]}, Parameter{index=13, type=java.lang.String, declaredAnnotations=[]}, Parameter{index=14, type=java.lang.String, declaredAnnotations=[]}, Parameter{index=15, type=java.lang.String, declaredAnnotations=[]}, Parameter{index=16, type=java.lang.String, declaredAnnotations=[]}, Parameter{index=17, type=java.lang.String, declaredAnnotations=[]}, Parameter{index=18, type=java.lang.String, declaredAnnotations=[]}, Parameter{index=19, type=java.lang.String, declaredAnnotations=[]}, Parameter{index=20, type=java.lang.String, declaredAnnotations=[]}, Parameter{index=21, type=java.lang.String, declaredAnnotations=[]}, Parameter{index=22, type=java.lang.String, declaredAnnotations=[]}, Parameter{index=23, type=java.lang.String, declaredAnnotations=[]}, Parameter{index=24, type=java.lang.String, declaredAnnotations=[]}, Parameter{index=25, type=java.lang.String, declaredAnnotations=[]}, Parameter{index=26, type=java.lang.String, declaredAnnotations=[]}, Parameter{index=27, type=java.lang.String, declaredAnnotations=[]}, Parameter{index=28, type=java.lang.String, declaredAnnotations=[]}, Parameter{index=29, type=java.lang.String, declaredAnnotations=[]}, Parameter{index=30, type=java.lang.String, declaredAnnotations=[]}, Parameter{index=31, type=java.lang.String, declaredAnnotations=[]}, Parameter{index=32, type=java.lang.String, declaredAnnotations=[]}, Parameter{index=33, type=java.lang.String, declaredAnnotations=[]}, Parameter{index=34, type=java.lang.String, declaredAnnotations=[]}, Parameter{index=35, type=java.lang.String, declaredAnnotations=[]}, Parameter{index=36, type=java.lang.String, declaredAnnotations=[]}, Parameter{index=37, type=java.lang.String, declaredAnnotations=[]}, Parameter{index=38, type=java.lang.String, declaredAnnotations=[]}, Parameter{index=39, type=java.lang.String, declaredAnnotations=[]}, Parameter{index=40, type=java.lang.String, declaredAnnotations=[]}, Parameter{index=41, type=java.lang.String, declaredAnnotations=[]}, Parameter{index=42, type=java.lang.String, declaredAnnotations=[]}, Parameter{index=43, type=java.lang.String, declaredAnnotations=[]}, Parameter{index=44, type=java.lang.String, declaredAnnotations=[]}, Parameter{index=45, type=java.lang.String, declaredAnnotations=[]}, Parameter{index=46, type=java.lang.String, declaredAnnotations=[]}, Parameter{index=47, type=java.lang.String, declaredAnnotations=[]}, Parameter{index=48, type=java.lang.String, declaredAnnotations=[]}, Parameter{index=49, type=java.lang.String, declaredAnnotations=[]}, Parameter{index=50, type=java.lang.String, declaredAnnotations=[]}, Parameter{index=51, type=java.lang.String, declaredAnnotations=[]}, Parameter{index=52, type=java.lang.String, declaredAnnotations=[]}, Parameter{index=53, type=java.lang.String, declaredAnnotations=[]}, Parameter{index=54, type=java.lang.String, declaredAnnotations=[]}, Parameter{index=55, type=java.lang.String, declaredAnnotations=[]}, Parameter{index=56, type=java.lang.String, declaredAnnotations=[]}, Parameter{index=57, type=java.lang.String, declaredAnnotations=[]}, Parameter{index=58, type=java.lang.String, declaredAnnotations=[]}, Parameter{index=59, type=java.lang.String, declaredAnnotations=[]}, Parameter{index=60, type=java.lang.String, declaredAnnotations=[]}, Parameter{index=61, type=java.lang.String, declaredAnnotations=[]}, Parameter{index=62, type=java.lang.String, declaredAnnotations=[]}, Parameter{index=63, type=java.lang.String, declaredAnnotations=[]}, Parameter{index=64, type=java.lang.String, declaredAnnotations=[]}, Parameter{index=65, type=java.lang.String, declaredAnnotations=[]}, Parameter{index=66, type=java.lang.String, declaredAnnotations=[]}, Parameter{index=67, type=java.lang.String, declaredAnnotations=[]}, Parameter{index=68, type=java.lang.String, declaredAnnotations=[]}, Parameter{index=69, type=java.lang.String, declaredAnnotations=[]}, Parameter{index=70, type=java.lang.String, declaredAnnotations=[]}, Parameter{index=71, type=java.lang.String, declaredAnnotations=[]}, Parameter{index=72, type=java.lang.String, declaredAnnotations=[]}, Parameter{index=73, type=java.lang.String, declaredAnnotations=[]}, Parameter{index=74, type=java.lang.String, declaredAnnotations=[]}, Parameter{index=75, type=java.lang.String, declaredAnnotations=[]}, Parameter{index=76, type=java.lang.String, declaredAnnotations=[]}, Parameter{index=77, type=java.lang.String, declaredAnnotations=[]}, Parameter{index=78, type=java.lang.String, declaredAnnotations=[]}, Parameter{index=79, type=java.lang.String, declaredAnnotations=[]}, Parameter{index=80, type=java.lang.String, declaredAnnotations=[]}, Parameter{index=81, type=java.lang.String, declaredAnnotations=[]}, Parameter{index=82, type=java.lang.String, declaredAnnotations=[]}, Parameter{index=83, type=java.lang.String, declaredAnnotations=[]}, Parameter{index=84, type=java.lang.String, declaredAnnotations=[]}, Parameter{index=85, type=java.lang.String, declaredAnnotations=[]}, Parameter{index=86, type=java.lang.String, declaredAnnotations=[]}, Parameter{index=87, type=java.lang.String, declaredAnnotations=[]}, Parameter{index=88, type=java.lang.String, declaredAnnotations=[]}, Parameter{index=89, type=java.lang.String, declaredAnnotations=[]}, Parameter{index=90, type=java.lang.String, declaredAnnotations=[]}, Parameter{index=91, type=java.lang.String, declaredAnnotations=[]}, Parameter{index=92, type=java.lang.String, declaredAnnotations=[]}, Parameter{index=93, type=java.lang.String, declaredAnnotations=[]}, Parameter{index=94, type=java.lang.String, declaredAnnotations=[]}, Parameter{index=95, type=java.lang.String, declaredAnnotations=[]}, Parameter{index=96, type=java.lang.String, declaredAnnotations=[]}, Parameter{index=97, type=java.lang.String, declaredAnnotations=[]}, Parameter{index=98, type=java.lang.String, declaredAnnotations=[]}, Parameter{index=99, type=java.lang.String, declaredAnnotations=[]}, Parameter{index=100, type=java.lang.String, declaredAnnotations=[]}, Parameter{index=101, type=java.lang.String, declaredAnnotations=[]}, Parameter{index=102, type=java.lang.String, declaredAnnotations=[]}, Parameter{index=103, type=java.lang.String, declaredAnnotations=[]}, Parameter{index=104, type=java.lang.String, declaredAnnotations=[]}, Parameter{index=105, type=java.lang.String, declaredAnnotations=[]}, Parameter{index=106, type=java.lang.String, declaredAnnotations=[]}, Parameter{index=107, type=java.lang.String, declaredAnnotations=[]}, Parameter{index=108, type=java.lang.String, declaredAnnotations=[]}, Parameter{index=109, type=java.lang.String, declaredAnnotations=[]}, Parameter{index=110, type=java.lang.String, declaredAnnotations=[]}, Parameter{index=111, type=java.lang.String, declaredAnnotations=[]}, Parameter{index=112, type=java.lang.String, declaredAnnotations=[]}, Parameter{index=113, type=java.lang.String, declaredAnnotations=[]}, Parameter{index=114, type=java.lang.String, declaredAnnotations=[]}, Parameter{index=115, type=java.lang.String, declaredAnnotations=[]}, Parameter{index=116, type=java.lang.String, declaredAnnotations=[]}, Parameter{index=117, type=java.lang.String, declaredAnnotations=[]}, Parameter{index=118, type=java.lang.String, declaredAnnotations=[]}, Parameter{index=119, type=java.lang.String, declaredAnnotations=[]}, Parameter{index=120, type=java.lang.String, declaredAnnotations=[]}, Parameter{index=121, type=java.lang.String, declaredAnnotations=[]}, Parameter{index=122, type=java.lang.String, declaredAnnotations=[]}, Parameter{index=123, type=java.lang.String, declaredAnnotations=[]}, Parameter{index=124, type=java.lang.String, declaredAnnotations=[]}, Parameter{index=125, type=java.lang.String, declaredAnnotations=[]}, Parameter{index=126, type=java.lang.String, declaredAnnotations=[]}, Parameter{index=127, type=java.lang.String, declaredAnnotations=[]}, Parameter{index=128, type=java.lang.String, declaredAnnotations=[]}, Parameter{index=129, type=java.lang.String, declaredAnnotations=[]}, Parameter{index=130, type=java.lang.String, declaredAnnotations=[]}, Parameter{index=131, type=java.lang.String, declaredAnnotations=[]}, Parameter{index=132, type=java.lang.String, declaredAnnotations=[]}, Parameter{index=133, type=java.lang.String, declaredAnnotations=[]}, Parameter{index=134, type=java.lang.String, declaredAnnotations=[]}, Parameter{index=135, type=java.lang.String, declaredAnnotations=[]}, Parameter{index=136, type=java.lang.String, declaredAnnotations=[]}, Parameter{index=137, type=java.lang.String, declaredAnnotations=[]}, Parameter{index=138, type=java.lang.String, declaredAnnotations=[]}, Parameter{index=139, type=java.lang.String, declaredAnnotations=[]}, Parameter{index=140, type=java.lang.String, declaredAnnotations=[]}, Parameter{index=141, type=java.lang.String, declaredAnnotations=[]}, Parameter{index=142, type=java.lang.String, declaredAnnotations=[]}, Parameter{index=143, type=java.lang.String, declaredAnnotations=[]}, Parameter{index=144, type=java.lang.String, declaredAnnotations=[]}, Parameter{index=145, type=java.lang.String, declaredAnnotations=[]}, Parameter{index=146, type=java.lang.String, declaredAnnotations=[]}, Parameter{index=147, type=java.lang.String, declaredAnnotations=[]}, Parameter{index=148, type=java.lang.String, declaredAnnotations=[]}, Parameter{index=149, type=java.lang.String, declaredAnnotations=[]}, Parameter{index=150, type=java.lang.String, declaredAnnotations=[]}, Parameter{index=151, type=java.lang.String, declaredAnnotations=[]}, Parameter{index=152, type=java.lang.String, declaredAnnotations=[]}, Parameter{index=153, type=java.lang.String, declaredAnnotations=[]}, Parameter{index=154, type=java.lang.String, declaredAnnotations=[]}, Parameter{index=155, type=java.lang.String, declaredAnnotations=[]}, Parameter{index=156, type=java.lang.String, declaredAnnotations=[]}, Parameter{index=157, type=java.lang.String, declaredAnnotations=[]}, Parameter{index=158, type=java.lang.String, declaredAnnotations=[]}, Parameter{index=159, type=java.lang.String, declaredAnnotations=[]}, Parameter{index=160, type=java.lang.String, declaredAnnotations=[]}, Parameter{index=161, type=java.lang.String, declaredAnnotations=[]}, Parameter{index=162, type=java.lang.String, declaredAnnotations=[]}, Parameter{index=163, type=java.lang.String, declaredAnnotations=[]}, Parameter{index=164, type=java.lang.String, declaredAnnotations=[]}, Parameter{index=165, type=java.lang.String, declaredAnnotations=[]}, Parameter{index=166, type=java.lang.String, declaredAnnotations=[]}, Parameter{index=167, type=java.lang.String, declaredAnnotations=[]}, Parameter{index=168, type=java.lang.String, declaredAnnotations=[]}, Parameter{index=169, type=java.lang.String, declaredAnnotations=[]}, Parameter{index=170, type=java.lang.String, declaredAnnotations=[]}, Parameter{index=171, type=java.lang.String, declaredAnnotations=[]}, Parameter{index=172, type=java.lang.String, declaredAnnotations=[]}, Parameter{index=173, type=java.lang.String, declaredAnnotations=[]}, Parameter{index=174, type=java.lang.String, declaredAnnotations=[]}, Parameter{index=175, type=java.lang.String, declaredAnnotations=[]}, Parameter{index=176, type=java.lang.String, declaredAnnotations=[]}, Parameter{index=177, type=java.lang.String, declaredAnnotations=[]}, Parameter{index=178, type=java.lang.String, declaredAnnotations=[]}, Parameter{index=179, type=java.lang.String, declaredAnnotations=[]}, Parameter{index=180, type=java.lang.String, declaredAnnotations=[]}, Parameter{index=181, type=java.lang.String, declaredAnnotations=[]}, Parameter{index=182, type=java.lang.String, declaredAnnotations=[]}, Parameter{index=183, type=java.lang.String, declaredAnnotations=[]}, Parameter{index=184, type=java.lang.String, declaredAnnotations=[]}, Parameter{index=185, type=java.lang.String, declaredAnnotations=[]}, Parameter{index=186, type=java.lang.String, declaredAnnotations=[]}, Parameter{index=187, type=java.lang.String, declaredAnnotations=[]}, Parameter{index=188, type=java.lang.String, declaredAnnotations=[]}, Parameter{index=189, type=java.lang.String, declaredAnnotations=[]}, Parameter{index=190, type=java.lang.String, declaredAnnotations=[]}, Parameter{index=191, type=java.lang.String, declaredAnnotations=[]}, Parameter{index=192, type=java.lang.String, declaredAnnotations=[]}, Parameter{index=193, type=java.lang.String, declaredAnnotations=[]}, Parameter{index=194, type=java.lang.String, declaredAnnotations=[]}, Parameter{index=195, type=java.lang.String, declaredAnnotations=[]}, Parameter{index=196, type=java.lang.String, declaredAnnotations=[]}, Parameter{index=197, type=java.lang.String, declaredAnnotations=[]}, Parameter{index=198, type=java.lang.String, declaredAnnotations=[]}, Parameter{index=199, type=java.lang.String, declaredAnnotations=[]}, Parameter{index=200, type=java.lang.String, declaredAnnotations=[]}, Parameter{index=201, type=java.lang.String, declaredAnnotations=[]}, Parameter{index=202, type=java.lang.String, declaredAnnotations=[]}, Parameter{index=203, type=java.lang.String, declaredAnnotations=[]}, Parameter{index=204, type=java.lang.String, declaredAnnotations=[]}, Parameter{index=205, type=java.lang.String, declaredAnnotations=[]}, Parameter{index=206, type=java.lang.String, declaredAnnotations=[]}, Parameter{index=207, type=java.lang.String, declaredAnnotations=[]}, Parameter{index=208, type=java.lang.String, declaredAnnotations=[]}, Parameter{index=209, type=java.lang.String, declaredAnnotations=[]}, Parameter{index=210, type=java.lang.String, declaredAnnotations=[]}, Parameter{index=211, type=java.lang.String, declaredAnnotations=[]}, Parameter{index=212, type=java.lang.String, declaredAnnotations=[]}, Parameter{index=213, type=java.lang.String, declaredAnnotations=[]}, Parameter{index=214, type=java.lang.String, declaredAnnotations=[]}, Parameter{index=215, type=java.lang.String, declaredAnnotations=[]}, Parameter{index=216, type=java.lang.String, declaredAnnotations=[]}, Parameter{index=217, type=java.lang.String, declaredAnnotations=[]}, Parameter{index=218, type=java.lang.String, declaredAnnotations=[]}, Parameter{index=219, type=java.lang.String, declaredAnnotations=[]}, Parameter{index=220, type=java.lang.String, declaredAnnotations=[]}, Parameter{index=221, type=java.lang.String, declaredAnnotations=[]}, Parameter{index=222, type=java.lang.String, declaredAnnotations=[]}, Parameter{index=223, type=java.lang.String, declaredAnnotations=[]}, Parameter{index=224, type=java.lang.String, declaredAnnotations=[]}, Parameter{index=225, type=java.lang.String, declaredAnnotations=[]}, Parameter{index=226, type=java.lang.String, declaredAnnotations=[]}, Parameter{index=227, type=java.lang.String, declaredAnnotations=[]}, Parameter{index=228, type=java.lang.String, declaredAnnotations=[]}, Parameter{index=229, type=java.lang.String, declaredAnnotations=[]}, Parameter{index=230, type=java.lang.String, declaredAnnotations=[]}])
Arguments: [(java.lang.String) http://localhost/mantis,(java.lang.String) Dont care,(java.lang.String) Dont care,(java.lang.String) Dont care,(java.lang.String) Dont care,(java.lang.String) Dont care,(java.lang.String) Dont care,(java.lang.String) administrator,(java.lang.String) Dont care,(java.lang.String) Dont care,(java.lang.String) Dont care,(java.lang.String) Dont care,(java.lang.String) Dont care,(java.lang.String) Dont care,(java.lang.String) Dont care,(java.lang.String) Dont care,(java.lang.String) Dont care,(java.lang.String) Dont care,(java.lang.String) admin,(java.lang.String) Dont care,(java.lang.String) Dont care,(java.lang.String) Dont care,(java.lang.String) Dont care,(java.lang.String) Dont care,(java.lang.String) Dont care,(java.lang.String) Dont care,(java.lang.String) Dont care,(java.lang.String) Dont care,(java.lang.String) Dont care,(java.lang.String) Dont care,(java.lang.String) Dont care,(java.lang.String) Dont care,(java.lang.String) Dont care,(java.lang.String) Dont care,(java.lang.String) Dont care,(java.lang.String) Dont care,(java.lang.String) Dont care,(java.lang.String) Dont care,(java.lang.String) Dont care,(java.lang.String) Dont care,(java.lang.String) Dont care,(java.lang.String) Dont care,(java.lang.String) Dont care,(java.lang.String) Dont care,(java.lang.String) Dont care,(java.lang.String) Dont care,(java.lang.String) Dont care,(java.lang.String) Dont care,(java.lang.String) Dont care,(java.lang.String) Dont care,(java.lang.String) Dont care,(java.lang.String) Dont care,(java.lang.String) Dont care,(java.lang.String) Dont care,(java.lang.String) Dont care,(java.lang.String) Dont care,(java.lang.String) Project 1,(java.lang.String) sometimes,(java.lang.String) trival,(java.lang.String) low,(java.lang.String) user1,(java.lang.String) Summary,(java.lang.String) Description,(java.lang.String) Platform,(java.lang.String) Os,(java.lang.String) OS version,(java.lang.String) Sreps to reproduce,(java.lang.String) ADDitional info,(java.lang.String) Tags,(java.lang.String) Dont care,(java.lang.String) Dont care,(java.lang.String) DemoMantis,(java.lang.String) Description,(java.lang.String) development,(java.lang.String) private,(java.lang.String) Dont care,(java.lang.String) Dont care,(java.lang.String) Dont care,(java.lang.String) Dont care,(java.lang.String) Dont care,(java.lang.String) Dont care,(java.lang.String) Dont care,(java.lang.String) Dont care,(java.lang.String) Dont care,(java.lang.String) Dont care,(java.lang.String) Dont care,(java.lang.String) Dont care,(java.lang.String) Dont care,(java.lang.String) Dont care,(java.lang.String) Dont care,(java.lang.String) Dont care,(java.lang.String) Dont care,(java.lang.String) Dont care,(java.lang.String) Dont care,(java.lang.String) Dont care,(java.lang.String) Dont care,(java.lang.String) Dont care,(java.lang.String) Dont care,(java.lang.String) Dont care,(java.lang.String) Dont care,(java.lang.String) Dont care,(java.lang.String) Dont care,(java.lang.String) Dont care,(java.lang.String) Dont care,(java.lang.String) Dont care,(java.lang.String) Dont care,(java.lang.String) Dont care,(java.lang.String) Dont care,(java.lang.String) Dont care,(java.lang.String) Dont care,(java.lang.String) Dont care,(java.lang.String) Dont care,(java.lang.String) Dont care,(java.lang.String) Dont care,(java.lang.String) Dont care,(java.lang.String) Dont care,(java.lang.String) Dont care,(java.lang.String) Dont care,(java.lang.String) Dont care,(java.lang.String) Dont care,(java.lang.String) Dont care,(java.lang.String) Dont care,(java.lang.String) Dont care,(java.lang.String) Dont care,(java.lang.String) Dont care,(java.lang.String) Dont care,(java.lang.String) Dont care,(java.lang.String) Dont care,(java.lang.String) Dont care,(java.lang.String) Dont care,(java.lang.String) Dont care,(java.lang.String) Dont care,(java.lang.String) Dont care,(java.lang.String) Dont care,(java.lang.String) Dont care,(java.lang.String) Dont care,(java.lang.String) Dont care,(java.lang.String) Dont care,(java.lang.String) Dont care,(java.lang.String) Dont care,(java.lang.String) Dont care,(java.lang.String) Dont care,(java.lang.String) Dont care,(java.lang.String) Dont care,(java.lang.String) Dont care,(java.lang.String) Dont care,(java.lang.String) Dont care,(java.lang.String) Dont care,(java.lang.String) Dont care,(java.lang.String) Dont care,(java.lang.String) Dont care,(java.lang.String) Dont care,(java.lang.String) Dont care,(java.lang.String) Dont care,(java.lang.String) Dont care,(java.lang.String) Dont care,(java.lang.String) Dont care,(java.lang.String) Dont care,(java.lang.String) Dont care,(java.lang.String) Dont care,(java.lang.String) Dont care,(java.lang.String) Dont care,(java.lang.String) Dont care,(java.lang.String) Dont care,(java.lang.String) Dont care,(java.lang.String) Dont care,(java.lang.String) Dont care,(java.lang.String) Dont care,(java.lang.String) Dont care,(java.lang.String) Dont care,(java.lang.String) Dont care,(java.lang.String) Dont care,(java.lang.String) Dont care,(java.lang.String) Dont care,(java.lang.String) Dont care,(java.lang.String) Dont care,(java.lang.String) Dont care,(java.lang.String) Dont care,(java.lang.String) Dont care,(java.lang.String) Dont care,(java.lang.String) Dont care,(java.lang.String) Dont care,(java.lang.String) Dont care,(java.lang.String) Dont care,(java.lang.String) Dont care,(java.lang.String) Dont care,(java.lang.String) Dont care,(java.lang.String) Dont care,(java.lang.String) Dont care,(java.lang.String) Dont care,(java.lang.String) Dont care,(java.lang.String) Dont care,(java.lang.String) Dont care,(java.lang.String) Dont care,(java.lang.String) Dont care,(java.lang.String) Dont care,(java.lang.String) Dont care,(java.lang.String) Dont care,(java.lang.String) Dont care,(java.lang.String) Dont care,(java.lang.String) Dont care,(java.lang.String) Dont care,(java.lang.String) Dont care,(java.lang.String) Dont care,(java.lang.String) Dont care,(java.lang.String) Dont care,(java.lang.String) Dont care,(java.lang.String) Dont care,(java.lang.String) Dont care,(java.lang.String) Dont care,(java.lang.String) Dont care,(java.lang.String) Dont care,(java.lang.String) Dont care,(java.lang.String) Dont care,(java.lang.String) Dont care,(java.lang.String) Dont care,(java.lang.String) Dont care,(java.lang.String) Dont care,(java.lang.String) Dont care,(java.lang.String) Dont care,(java.lang.String) Dont care,(java.lang.String) Dont care,(java.lang.String) Dont care,(java.lang.String) Dont care,(java.lang.String) Dont care,(java.lang.String) Dont care,(java.lang.String) Dont care,(java.lang.String) Dont care,(java.lang.String) Dont care,(java.lang.String) Dont care,(java.lang.String) Dont care,(java.lang.String) Dont care,(java.lang.String) Dont care,(java.lang.String) Dont care,(java.lang.String) Dont care,(java.lang.String) Dont care,(java.lang.String) Dont care,(java.lang.String) Dont care,(java.lang.String) Dont care,(java.lang.String) Dont care,(java.lang.String) Dont care,(java.lang.String) Dont care,(java.lang.String) Dont care,(java.lang.String) Dont care,(java.lang.String) Dont care,(java.lang.String) Dont care,(java.lang.String) Dont care,(java.lang.String) Dont care,(java.lang.String) Dont care,(java.lang.String) Dont care,(java.lang.String) Dont care,(java.lang.String) Dont care,(java.lang.String) Dont care,(java.lang.String) Dont care,(java.lang.String) Dont care,(java.lang.String) Dont care,(java.lang.String) Dont care,(java.lang.String) Dont care,(java.lang.String) Dont care,(java.lang.String) Dont care,(java.lang.String) Dont care,(java.lang.String) Dont care,(java.lang.String) Dont care,(java.lang.String) Dont care,(java.lang.String) Dont care,(java.lang.String) Dont care,(java.lang.String) Dont care,(java.lang.String) Dont care,(java.lang.String) Dont care,(java.lang.String) Dont care,(java.lang.String) Dont care,(java.lang.String) Dont care,(java.lang.String) Dont care,(java.lang.String) Dont care,(java.lang.String) Dont care,(java.lang.String) Dont care,(java.lang.String) Dont care,(java.lang.String) Dont care,(java.lang.String) Dont care,(java.lang.String) Dont care,(java.lang.String) Dont care,(java.lang.String) Dont care,(java.lang.String) Dont care,(java.lang.String) Dont care,(java.lang.String) Dont care,(java.lang.String) Dont care,(java.lang.String) Dont care,(java.lang.String) Dont care,(java.lang.String) Dont care,(java.lang.String) Dont care,(java.lang.String) Dont care,(java.lang.String) Dont care,(java.lang.String) Dont care,(java.lang.String) Dont care,(java.lang.String) Dont care,(java.lang.String) Dont care,(java.lang.String) Dont care,(java.lang.String) Dont care,(java.lang.String) Dont care,(java.lang.String) Dont care,(java.lang.String) Dont care,(java.lang.String) Dont care,(java.lang.String) Dont care,(java.lang.String) Dont care,(java.lang.String) Dont care,(java.lang.String) Dont care,(java.lang.String) Dont care,(java.lang.String) Dont care,(java.lang.String) Dont care,(java.lang.String) Dont care,(java.lang.String) Dont care,(java.lang.String) Dont care,(java.lang.String) Dont care,(java.lang.String) Dont care,(java.lang.String) Dont care,(java.lang.String) Dont care,(java.lang.String) Dont care,(java.lang.String) Dont care,(java.lang.String) Dont care,(java.lang.String) Dont care,(java.lang.String) Dont care,(java.lang.String) Dont care,(java.lang.String) Dont care,(java.lang.String) Dont care,(java.lang.String) Dont care,(java.lang.String) Dont care,(java.lang.String) Dont care,(java.lang.String) Dont care,(java.lang.String) Dont care,(java.lang.String) Dont care,(java.lang.String) Dont care,(java.lang.String) demo,(java.lang.String) Dont care,(java.lang.String) Dont care,(java.lang.String) Dont care]
at org.testng.internal.reflect.DataProviderMethodMatcher.getConformingArguments(DataProviderMethodMatcher.java:43)
at org.testng.internal.Parameters.injectParameters(Parameters.java:914)
at org.testng.internal.MethodRunner.runInSequence(MethodRunner.java:34)
at org.testng.internal.TestInvoker$MethodInvocationAgent.invoke(TestInvoker.java:824)
at org.testng.internal.TestInvoker.invokeTestMethods(TestInvoker.java:146)
at org.testng.internal.TestMethodWorker.invokeTestMethods(TestMethodWorker.java:146)
at org.testng.internal.TestMethodWorker.run(TestMethodWorker.java:128)
at java.base/java.util.ArrayList.forEach(ArrayList.java:1511)
at org.testng.TestRunner.privateRun(TestRunner.java:794)
at org.testng.TestRunner.run(TestRunner.java:596)
at org.testng.SuiteRunner.runTest(SuiteRunner.java:377)
at org.testng.SuiteRunner.runSequentially(SuiteRunner.java:371)
at org.testng.SuiteRunner.privateRun(SuiteRunner.java:332)
at org.testng.SuiteRunner.run(SuiteRunner.java:276)
at org.testng.SuiteRunnerWorker.runSuite(SuiteRunnerWorker.java:53)
at org.testng.SuiteRunnerWorker.run(SuiteRunnerWorker.java:96)
at org.testng.TestNG.runSuitesSequentially(TestNG.java:1212)
at org.testng.TestNG.runSuitesLocally(TestNG.java:1134)
at org.testng.TestNG.runSuites(TestNG.java:1063)
at org.testng.TestNG.run(TestNG.java:1031)
at org.testng.remote.AbstractRemoteTestNG.run(AbstractRemoteTestNG.java:115)
at org.testng.remote.RemoteTestNG.initAndRun(RemoteTestNG.java:251)
at org.testng.remote.RemoteTestNG.main(RemoteTestNG.java:77)
]]>
    </error>
  </testcase> <!-- test -->
  <system-out/>
</testsuite> <!-- testsuite.Enter_Login_DetailsSend_a_reminderReminder_submit -->
