<?xml version="1.0" encoding="UTF-8"?>
<!-- Generated by org.testng.reporters.JUnitReportReporter -->
<testsuite hostname="DESKTOP-FA0P5TG" failures="0" tests="1" name="testsuite.Login_screen_with_username_inputsNull_Username" time="3.571" errors="0" timestamp="2023-06-08T19:52:25 IST" skipped="0">
  <testcase classname="testsuite.Login_screen_with_username_inputsNull_Username" name="test" time="3.571"/>
  <system-out>
    <![CDATA[Step - 1- Perform Launch URL Action
Step - 2- verify Login Screen screen
Step - 3- Fill User Name form Login Screen screen
Step - 4- click Login button Login Screen screen User Name form
Step - 5- verify Login Screen screen]]>
  </system-out>
</testsuite> <!-- testsuite.Login_screen_with_username_inputsNull_Username -->
