<?xml version="1.0" encoding="UTF-8"?>
<!-- Generated by org.testng.reporters.JUnitReportReporter -->
<testsuite hostname="DESKTOP-FA0P5TG" failures="0" tests="1" name="testsuite.Action__9__DS___Mantis_Home__Screen" time="4.597" errors="0" timestamp="2023-06-08T18:04:12 IST" skipped="0">
  <testcase classname="testsuite.Action__9__DS___Mantis_Home__Screen" name="test" time="4.597"/>
  <system-out>
    <![CDATA[Step - 1- Perform Launch URL Action
Step - 2- verify Login Screen screen
Step - 3- Fill User Name form Login Screen screen
Step - 4- click Login button Login Screen screen User Name form
Step - 5- verify Loginpass Screen screen
Step - 6- Fill Password form Loginpass Screen screen
Step - 7- click Login button Loginpass Screen screen Password form
Step - 8- verify Mantis Home screen]]>
  </system-out>
</testsuite> <!-- testsuite.Action__9__DS___Mantis_Home__Screen -->
