<?xml version="1.0" encoding="UTF-8"?>
<!-- Generated by org.testng.reporters.JUnitReportReporter -->
<testsuite hostname="KS20L583" failures="0" tests="1" name="testsuite.EmptyUsername" time="7.258" errors="0" timestamp="2023-06-07T10:53:40 IST" skipped="0">
  <testcase classname="testsuite.EmptyUsername" name="test" time="7.258"/>
  <system-out>
    <![CDATA[Step - 1- Perform Launch URL Action
Step - 2- verify Login Screen screen
Step - 3- Fill User Name form Login Screen screen
Step - 4- click Login button Login Screen screen User Name form
Step - 5- verify Login Screen screen]]>
  </system-out>
</testsuite> <!-- testsuite.EmptyUsername -->
